
  .   ____          _            __ _ _
 /\\ / ___'_ __ _ _(_)_ __  __ _ \ \ \ \
( ( )\___ | '_ | '_| | '_ \/ _` | \ \ \ \
 \\/  ___)| |_)| | | | | || (_| |  ) ) ) )
  '  |____| .__|_| |_|_| |_\__, | / / / /
 =========|_|==============|___/=/_/_/_/
 :: Spring Boot ::                (v3.2.0)

2025-11-26T17:47:53.943-03:00  INFO 15712 --- [backend] [           main] com.proyecto.Application                 : Starting Application v0.0.1-SNAPSHOT using Java 21.0.6 with PID 15712 (C:\Users\liamf\Proyectos\TaskFlow-app\backend\target\backend-0.0.1-SNAPSHOT.jar started by liamf in C:\Users\liamf\Proyectos\TaskFlow-app\backend)
2025-11-26T17:47:53.948-03:00 DEBUG 15712 --- [backend] [           main] com.proyecto.Application                 : Running with Spring Boot v3.2.0, Spring v6.1.1
2025-11-26T17:47:53.949-03:00  INFO 15712 --- [backend] [           main] com.proyecto.Application                 : The following 1 profile is active: "dev"
2025-11-26T17:47:56.031-03:00  INFO 15712 --- [backend] [           main] .s.d.r.c.RepositoryConfigurationDelegate : Bootstrapping Spring Data JPA repositories in DEFAULT mode.
2025-11-26T17:47:56.114-03:00  INFO 15712 --- [backend] [           main] .s.d.r.c.RepositoryConfigurationDelegate : Finished Spring Data repository scanning in 68 ms. Found 1 JPA repository interface.
2025-11-26T17:47:57.501-03:00  INFO 15712 --- [backend] [           main] o.s.b.w.embedded.tomcat.TomcatWebServer  : Tomcat initialized with port 8080 (http)
2025-11-26T17:47:57.523-03:00  INFO 15712 --- [backend] [           main] o.apache.catalina.core.StandardService   : Starting service [Tomcat]
2025-11-26T17:47:57.524-03:00  INFO 15712 --- [backend] [           main] o.apache.catalina.core.StandardEngine    : Starting Servlet engine: [Apache Tomcat/10.1.16]
2025-11-26T17:47:57.593-03:00  INFO 15712 --- [backend] [           main] o.a.c.c.C.[Tomcat].[localhost].[/]       : Initializing Spring embedded WebApplicationContext
2025-11-26T17:47:57.596-03:00  INFO 15712 --- [backend] [           main] w.s.c.ServletWebServerApplicationContext : Root WebApplicationContext: initialization completed in 3545 ms
2025-11-26T17:47:57.916-03:00 DEBUG 15712 --- [backend] [           main] o.s.w.f.ServerHttpObservationFilter      : Filter 'webMvcObservationFilter' configured for use
2025-11-26T17:47:58.036-03:00  INFO 15712 --- [backend] [           main] com.zaxxer.hikari.HikariDataSource       : HikariPool-1 - Starting...
2025-11-26T17:47:58.401-03:00  INFO 15712 --- [backend] [           main] com.zaxxer.hikari.pool.HikariPool        : HikariPool-1 - Added connection org.postgresql.jdbc.PgConnection@1d3d76b4
2025-11-26T17:47:58.404-03:00  INFO 15712 --- [backend] [           main] com.zaxxer.hikari.HikariDataSource       : HikariPool-1 - Start completed.
2025-11-26T17:47:58.544-03:00  INFO 15712 --- [backend] [           main] o.f.c.internal.license.VersionPrinter    : Flyway Community Edition 9.22.3 by Redgate
2025-11-26T17:47:58.544-03:00  INFO 15712 --- [backend] [           main] o.f.c.internal.license.VersionPrinter    : See release notes here: https://rd.gt/416ObMi
2025-11-26T17:47:58.544-03:00  INFO 15712 --- [backend] [           main] o.f.c.internal.license.VersionPrinter    : 
2025-11-26T17:47:58.566-03:00  INFO 15712 --- [backend] [           main] org.flywaydb.core.FlywayExecutor         : Database: jdbc:postgresql://localhost:5433/Taskflow (PostgreSQL 13.21)
2025-11-26T17:47:58.609-03:00  INFO 15712 --- [backend] [           main] o.f.core.internal.command.DbValidate     : Successfully validated 0 migrations (execution time 00:00.019s)
2025-11-26T17:47:58.609-03:00  WARN 15712 --- [backend] [           main] o.f.core.internal.command.DbValidate     : No migrations found. Are your locations set up correctly?
2025-11-26T17:47:58.626-03:00  INFO 15712 --- [backend] [           main] o.f.core.internal.command.DbMigrate      : Current version of schema "public": << Empty Schema >>
2025-11-26T17:47:58.636-03:00  INFO 15712 --- [backend] [           main] o.f.core.internal.command.DbMigrate      : Schema "public" is up to date. No migration necessary.
2025-11-26T17:47:58.799-03:00  INFO 15712 --- [backend] [           main] o.hibernate.jpa.internal.util.LogHelper  : HHH000204: Processing PersistenceUnitInfo [name: default]
2025-11-26T17:47:58.892-03:00  INFO 15712 --- [backend] [           main] org.hibernate.Version                    : HHH000412: Hibernate ORM core version 6.3.1.Final
2025-11-26T17:47:58.951-03:00  INFO 15712 --- [backend] [           main] o.h.c.internal.RegionFactoryInitiator    : HHH000026: Second-level cache disabled
2025-11-26T17:47:59.335-03:00  INFO 15712 --- [backend] [           main] o.s.o.j.p.SpringPersistenceUnitInfo      : No LoadTimeWeaver setup: ignoring JPA class transformer
2025-11-26T17:48:00.528-03:00  INFO 15712 --- [backend] [           main] o.h.e.t.j.p.i.JtaPlatformInitiator       : HHH000489: No JTA platform available (set 'hibernate.transaction.jta.platform' to enable JTA platform integration)
2025-11-26T17:48:00.531-03:00  INFO 15712 --- [backend] [           main] j.LocalContainerEntityManagerFactoryBean : Initialized JPA EntityManagerFactory for persistence unit 'default'
2025-11-26T17:48:01.565-03:00  WARN 15712 --- [backend] [           main] JpaBaseConfiguration$JpaWebConfiguration : spring.jpa.open-in-view is enabled by default. Therefore, database queries may be performed during view rendering. Explicitly configure spring.jpa.open-in-view to disable this warning
2025-11-26T17:48:01.618-03:00  WARN 15712 --- [backend] [           main] .s.s.UserDetailsServiceAutoConfiguration : 

Using generated security password: b498a817-5d7d-4adc-bf98-7ceb070d2143

This generated password is for development use only. Your security configuration must be updated before running your application in production.

2025-11-26T17:48:01.979-03:00 DEBUG 15712 --- [backend] [           main] s.w.s.m.m.a.RequestMappingHandlerMapping : 11 mappings in 'requestMappingHandlerMapping'
2025-11-26T17:48:02.142-03:00 DEBUG 15712 --- [backend] [           main] o.s.w.s.handler.SimpleUrlHandlerMapping  : Patterns [/webjars/**, /**, /swagger-ui*/*swagger-initializer.js, /swagger-ui*/**] in 'resourceHandlerMapping'
2025-11-26T17:48:02.317-03:00  INFO 15712 --- [backend] [           main] o.s.b.a.e.web.EndpointLinksResolver      : Exposing 1 endpoint(s) beneath base path '/actuator'
2025-11-26T17:48:02.413-03:00  INFO 15712 --- [backend] [           main] o.s.s.web.DefaultSecurityFilterChain     : Will secure any request with [org.springframework.security.web.session.DisableEncodeUrlFilter@60abe420, org.springframework.security.web.context.request.async.WebAsyncManagerIntegrationFilter@21e60eed, org.springframework.security.web.context.SecurityContextHolderFilter@5a63de07, org.springframework.security.web.header.HeaderWriterFilter@3d056418, org.springframework.web.filter.CorsFilter@2b43eb71, org.springframework.security.web.authentication.logout.LogoutFilter@28ab7ffb, org.springframework.security.web.savedrequest.RequestCacheAwareFilter@7388d94d, org.springframework.security.web.servletapi.SecurityContextHolderAwareRequestFilter@4a3e1b5d, org.springframework.security.web.authentication.AnonymousAuthenticationFilter@2f32fe68, org.springframework.security.web.access.ExceptionTranslationFilter@40ff56f7, org.springframework.security.web.access.intercept.AuthorizationFilter@2cc9a5a2]
2025-11-26T17:48:02.606-03:00 DEBUG 15712 --- [backend] [           main] s.w.s.m.m.a.RequestMappingHandlerAdapter : ControllerAdvice beans: 0 @ModelAttribute, 0 @InitBinder, 1 RequestBodyAdvice, 1 ResponseBodyAdvice
2025-11-26T17:48:02.667-03:00 DEBUG 15712 --- [backend] [           main] .m.m.a.ExceptionHandlerExceptionResolver : ControllerAdvice beans: 2 @ExceptionHandler, 1 ResponseBodyAdvice
2025-11-26T17:48:03.287-03:00  WARN 15712 --- [backend] [           main] ConfigServletWebServerApplicationContext : Exception encountered during context initialization - cancelling refresh attempt: org.springframework.context.ApplicationContextException: Failed to start bean 'webServerStartStop'
2025-11-26T17:48:03.294-03:00  INFO 15712 --- [backend] [           main] j.LocalContainerEntityManagerFactoryBean : Closing JPA EntityManagerFactory for persistence unit 'default'
2025-11-26T17:48:03.299-03:00  INFO 15712 --- [backend] [           main] com.zaxxer.hikari.HikariDataSource       : HikariPool-1 - Shutdown initiated...
2025-11-26T17:48:03.316-03:00  INFO 15712 --- [backend] [           main] com.zaxxer.hikari.HikariDataSource       : HikariPool-1 - Shutdown completed.
2025-11-26T17:48:03.345-03:00  INFO 15712 --- [backend] [           main] .s.b.a.l.ConditionEvaluationReportLogger : 

Error starting ApplicationContext. To display the condition evaluation report re-run your application with 'debug' enabled.
2025-11-26T17:48:03.370-03:00 ERROR 15712 --- [backend] [           main] o.s.b.d.LoggingFailureAnalysisReporter   : 

***************************
APPLICATION FAILED TO START
***************************

Description:

Web server failed to start. Port 8080 was already in use.

Action:

Identify and stop the process that's listening on port 8080 or configure this application to listen on another port.

